c:\users\sanco\source\repos\小记事本\小记事本\x64\debug\vc143.pdb
c:\users\sanco\source\repos\小记事本\小记事本\x64\debug\vc143.idb
c:\users\sanco\source\repos\小记事本\小记事本\x64\debug\sample_notepad.obj
c:\users\sanco\source\repos\小记事本\小记事本\x64\debug\webview_host.obj
c:\users\sanco\source\repos\小记事本\小记事本\x64\debug\app.res
c:\users\sanco\source\repos\小记事本\小记事本\x64\debug\小记事本.ilk
c:\users\sanco\source\repos\小记事本\小记事本\x64\debug\小记事本.vcxproj.cppwinrt_comp.rsp
c:\users\sanco\source\repos\小记事本\小记事本\x64\debug\小记事本.vcxproj.cppwinrt_plat.rsp
c:\users\sanco\source\repos\小记事本\小记事本\x64\debug\小记事本.vcxproj.mdmerge.rsp
c:\users\sanco\source\repos\小记事本\小记事本\x64\debug\小记事本.vcxproj.midlrt.rsp
c:\users\sanco\source\repos\小记事本\x64\debug\小记事本.pdb
c:\users\sanco\source\repos\小记事本\小记事本\x64\debug\小记事本.tlog\cl.command.1.tlog
c:\users\sanco\source\repos\小记事本\小记事本\x64\debug\小记事本.tlog\cl.items.tlog
c:\users\sanco\source\repos\小记事本\小记事本\x64\debug\小记事本.tlog\cl.read.1.tlog
c:\users\sanco\source\repos\小记事本\小记事本\x64\debug\小记事本.tlog\cl.write.1.tlog
c:\users\sanco\source\repos\小记事本\小记事本\x64\debug\小记事本.tlog\link.41824-cvtres.read.1.tlog
c:\users\sanco\source\repos\小记事本\小记事本\x64\debug\小记事本.tlog\link.41824-cvtres.write.1.tlog
c:\users\sanco\source\repos\小记事本\小记事本\x64\debug\小记事本.tlog\link.41824-rc.read.1.tlog
c:\users\sanco\source\repos\小记事本\小记事本\x64\debug\小记事本.tlog\link.41824-rc.write.1.tlog
c:\users\sanco\source\repos\小记事本\小记事本\x64\debug\小记事本.tlog\link.41824.read.1.tlog
c:\users\sanco\source\repos\小记事本\小记事本\x64\debug\小记事本.tlog\link.41824.read.2.tlog
c:\users\sanco\source\repos\小记事本\小记事本\x64\debug\小记事本.tlog\link.41824.read.3.tlog
c:\users\sanco\source\repos\小记事本\小记事本\x64\debug\小记事本.tlog\link.41824.read.4.tlog
c:\users\sanco\source\repos\小记事本\小记事本\x64\debug\小记事本.tlog\link.41824.write.1.tlog
c:\users\sanco\source\repos\小记事本\小记事本\x64\debug\小记事本.tlog\link.command.1.tlog
c:\users\sanco\source\repos\小记事本\小记事本\x64\debug\小记事本.tlog\link.read.1.tlog
c:\users\sanco\source\repos\小记事本\小记事本\x64\debug\小记事本.tlog\link.secondary.1.tlog
c:\users\sanco\source\repos\小记事本\小记事本\x64\debug\小记事本.tlog\link.write.1.tlog
c:\users\sanco\source\repos\小记事本\小记事本\x64\debug\小记事本.tlog\rc.command.1.tlog
c:\users\sanco\source\repos\小记事本\小记事本\x64\debug\小记事本.tlog\rc.read.1.tlog
c:\users\sanco\source\repos\小记事本\小记事本\x64\debug\小记事本.tlog\rc.write.1.tlog
